<?xml version="1.0" encoding="UTF-8"?>
<coverage generated="1556161286184" clover="3.2.0">
  <project timestamp="1556161286185" name="All files">
    <metrics statements="1" coveredstatements="0" conditionals="0" coveredconditionals="0" methods="0" coveredmethods="0" elements="1" coveredelements="0" complexity="0" loc="1" ncloc="1" packages="1" files="1" classes="1">
      <file name="App.vue" path="/Users/ricky/Work/test/src/App.vue">
        <metrics statements="1" coveredstatements="0" conditionals="0" coveredconditionals="0" methods="0" coveredmethods="0"/>
        <line num="9" count="0" type="stmt"/>
      </file>
    </metrics>
  </project>
</coverage>
